#! /usr/bin/vvp
:ivl_version "0.9.7 " "(v0_9_7)";
:vpi_time_precision + 0;
:vpi_module "system";
:vpi_module "v2005_math";
:vpi_module "va_math";
S_0x133fcc0 .scope module, "CLAdder" "CLAdder" 2 48;
 .timescale 0 0;
RS_0x7ff8213cf818/0/0 .resolv tri, L_0x13609f0, L_0x1360f60, L_0x1361570, L_0x1361a10;
RS_0x7ff8213cf818/0/4 .resolv tri, L_0x13620a0, L_0x13625b0, L_0x1362a60, L_0x1362f50;
RS_0x7ff8213cf818/0/8 .resolv tri, L_0x1363300, L_0x1363bb0, L_0x13640c0, L_0x1364570;
RS_0x7ff8213cf818/0/12 .resolv tri, L_0x1364a40, L_0x1364ee0, L_0x1365390, L_0x1365860;
RS_0x7ff8213cf818/0/16 .resolv tri, L_0x1365570, L_0x1366610, L_0x1366ae0, L_0x1366f80;
RS_0x7ff8213cf818/0/20 .resolv tri, L_0x1367440, L_0x1367920, L_0x1367dd0, L_0x13682a0;
RS_0x7ff8213cf818/0/24 .resolv tri, L_0x1368790, L_0x1368c50, L_0x1369130, L_0x1369080;
RS_0x7ff8213cf818/0/28 .resolv tri, L_0x1369560, L_0x1369a10, L_0x1369ee0, L_0x136a380;
RS_0x7ff8213cf818/1/0 .resolv tri, RS_0x7ff8213cf818/0/0, RS_0x7ff8213cf818/0/4, RS_0x7ff8213cf818/0/8, RS_0x7ff8213cf818/0/12;
RS_0x7ff8213cf818/1/4 .resolv tri, RS_0x7ff8213cf818/0/16, RS_0x7ff8213cf818/0/20, RS_0x7ff8213cf818/0/24, RS_0x7ff8213cf818/0/28;
RS_0x7ff8213cf818 .resolv tri, RS_0x7ff8213cf818/1/0, RS_0x7ff8213cf818/1/4, C4<zzzzzzzzzzzzzzzzzzzzzzzzzzzzzzzz>, C4<zzzzzzzzzzzzzzzzzzzzzzzzzzzzzzzz>;
v0x135fed0_0 .net8 "g", 31 0, RS_0x7ff8213cf818; 32 drivers
v0x135ff90_0 .net "loperand", 31 0, C4<zzzzzzzzzzzzzzzzzzzzzzzzzzzzzzzz>; 0 drivers
RS_0x7ff8213cf878/0/0 .resolv tri, L_0x1360ae0, L_0x13610a0, L_0x1361660, L_0x1361b40;
RS_0x7ff8213cf878/0/4 .resolv tri, L_0x1362190, L_0x13626a0, L_0x1362b50, L_0x1363100;
RS_0x7ff8213cf878/0/8 .resolv tri, L_0x13637d0, L_0x1363ca0, L_0x13641b0, L_0x1364660;
RS_0x7ff8213cf878/0/12 .resolv tri, L_0x1364b30, L_0x1364fd0, L_0x1365480, L_0x1363040;
RS_0x7ff8213cf878/0/16 .resolv tri, L_0x1365660, L_0x1366700, L_0x1366bd0, L_0x1367070;
RS_0x7ff8213cf878/0/20 .resolv tri, L_0x1367530, L_0x1367a10, L_0x1367ec0, L_0x1368390;
RS_0x7ff8213cf878/0/24 .resolv tri, L_0x1368830, L_0x1368cf0, L_0x13691d0, L_0x1369680;
RS_0x7ff8213cf878/0/28 .resolv tri, L_0x1369b50, L_0x1369ff0, L_0x136a4b0, L_0x1361c30;
RS_0x7ff8213cf878/1/0 .resolv tri, RS_0x7ff8213cf878/0/0, RS_0x7ff8213cf878/0/4, RS_0x7ff8213cf878/0/8, RS_0x7ff8213cf878/0/12;
RS_0x7ff8213cf878/1/4 .resolv tri, RS_0x7ff8213cf878/0/16, RS_0x7ff8213cf878/0/20, RS_0x7ff8213cf878/0/24, RS_0x7ff8213cf878/0/28;
RS_0x7ff8213cf878 .resolv tri, RS_0x7ff8213cf878/1/0, RS_0x7ff8213cf878/1/4, C4<zzzzzzzzzzzzzzzzzzzzzzzzzzzzzzzz>, C4<zzzzzzzzzzzzzzzzzzzzzzzzzzzzzzzz>;
v0x1360030_0 .net8 "p", 31 0, RS_0x7ff8213cf878; 32 drivers
v0x13600d0_0 .net "roperand", 31 0, C4<zzzzzzzzzzzzzzzzzzzzzzzzzzzzzzzz>; 0 drivers
v0x1360180_0 .net "sum", 31 0, C4<zzzzzzzzzzzzzzzzzzzzzzzzzzzzzzzz>; 0 drivers
L_0x13609f0 .part/pv L_0x13607e0, 0, 1, 32;
L_0x1360ae0 .part/pv L_0x13608c0, 0, 1, 32;
L_0x1360bd0 .part C4<zzzzzzzzzzzzzzzzzzzzzzzzzzzzzzzz>, 0, 1;
L_0x1360c70 .part C4<zzzzzzzzzzzzzzzzzzzzzzzzzzzzzzzz>, 0, 1;
L_0x1360f60 .part/pv L_0x1360d40, 1, 1, 32;
L_0x13610a0 .part/pv L_0x1360e30, 1, 1, 32;
L_0x13611e0 .part C4<zzzzzzzzzzzzzzzzzzzzzzzzzzzzzzzz>, 1, 1;
L_0x13612d0 .part C4<zzzzzzzzzzzzzzzzzzzzzzzzzzzzzzzz>, 1, 1;
L_0x1361570 .part/pv L_0x1361410, 2, 1, 32;
L_0x1361660 .part/pv L_0x1361470, 2, 1, 32;
L_0x13617b0 .part C4<zzzzzzzzzzzzzzzzzzzzzzzzzzzzzzzz>, 2, 1;
L_0x1361850 .part C4<zzzzzzzzzzzzzzzzzzzzzzzzzzzzzzzz>, 2, 1;
L_0x1361a10 .part/pv L_0x1361750, 3, 1, 32;
L_0x1361b40 .part/pv L_0x1361960, 3, 1, 32;
L_0x1361cf0 .part C4<zzzzzzzzzzzzzzzzzzzzzzzzzzzzzzzz>, 3, 1;
L_0x1361e20 .part C4<zzzzzzzzzzzzzzzzzzzzzzzzzzzzzzzz>, 3, 1;
L_0x13620a0 .part/pv L_0x1361fe0, 4, 1, 32;
L_0x1362190 .part/pv L_0x1362040, 4, 1, 32;
L_0x1362320 .part C4<zzzzzzzzzzzzzzzzzzzzzzzzzzzzzzzz>, 4, 1;
L_0x13623c0 .part C4<zzzzzzzzzzzzzzzzzzzzzzzzzzzzzzzz>, 4, 1;
L_0x13625b0 .part/pv L_0x1361f50, 5, 1, 32;
L_0x13626a0 .part/pv L_0x1362280, 5, 1, 32;
L_0x1362460 .part C4<zzzzzzzzzzzzzzzzzzzzzzzzzzzzzzzz>, 5, 1;
L_0x1362850 .part C4<zzzzzzzzzzzzzzzzzzzzzzzzzzzzzzzz>, 5, 1;
L_0x1362a60 .part/pv L_0x1362790, 6, 1, 32;
L_0x1362b50 .part/pv L_0x13627f0, 6, 1, 32;
L_0x13628f0 .part C4<zzzzzzzzzzzzzzzzzzzzzzzzzzzzzzzz>, 6, 1;
L_0x1362d20 .part C4<zzzzzzzzzzzzzzzzzzzzzzzzzzzzzzzz>, 6, 1;
L_0x1362f50 .part/pv L_0x1362c40, 7, 1, 32;
L_0x1363100 .part/pv L_0x1362ca0, 7, 1, 32;
L_0x1362dc0 .part C4<zzzzzzzzzzzzzzzzzzzzzzzzzzzzzzzz>, 7, 1;
L_0x13634c0 .part C4<zzzzzzzzzzzzzzzzzzzzzzzzzzzzzzzz>, 7, 1;
L_0x1363300 .part/pv L_0x1361d90, 8, 1, 32;
L_0x13637d0 .part/pv L_0x1361ec0, 8, 1, 32;
L_0x1363670 .part C4<zzzzzzzzzzzzzzzzzzzzzzzzzzzzzzzz>, 8, 1;
L_0x13639e0 .part C4<zzzzzzzzzzzzzzzzzzzzzzzzzzzzzzzz>, 8, 1;
L_0x1363bb0 .part/pv L_0x1363710, 9, 1, 32;
L_0x1363ca0 .part/pv L_0x13638c0, 9, 1, 32;
L_0x1363a80 .part C4<zzzzzzzzzzzzzzzzzzzzzzzzzzzzzzzz>, 9, 1;
L_0x1363ed0 .part C4<zzzzzzzzzzzzzzzzzzzzzzzzzzzzzzzz>, 9, 1;
L_0x13640c0 .part/pv L_0x1363b20, 10, 1, 32;
L_0x13641b0 .part/pv L_0x1363d90, 10, 1, 32;
L_0x1363f70 .part C4<zzzzzzzzzzzzzzzzzzzzzzzzzzzzzzzz>, 10, 1;
L_0x1364010 .part C4<zzzzzzzzzzzzzzzzzzzzzzzzzzzzzzzz>, 10, 1;
L_0x1364570 .part/pv L_0x1364410, 11, 1, 32;
L_0x1364660 .part/pv L_0x1364470, 11, 1, 32;
L_0x13642a0 .part C4<zzzzzzzzzzzzzzzzzzzzzzzzzzzzzzzz>, 11, 1;
L_0x1364340 .part C4<zzzzzzzzzzzzzzzzzzzzzzzzzzzzzzzz>, 11, 1;
L_0x1364a40 .part/pv L_0x13648e0, 12, 1, 32;
L_0x1364b30 .part/pv L_0x1364940, 12, 1, 32;
L_0x1364750 .part C4<zzzzzzzzzzzzzzzzzzzzzzzzzzzzzzzz>, 12, 1;
L_0x13647f0 .part C4<zzzzzzzzzzzzzzzzzzzzzzzzzzzzzzzz>, 12, 1;
L_0x1364ee0 .part/pv L_0x1364dd0, 13, 1, 32;
L_0x1364fd0 .part/pv L_0x1364e30, 13, 1, 32;
L_0x1364c20 .part C4<zzzzzzzzzzzzzzzzzzzzzzzzzzzzzzzz>, 13, 1;
L_0x1364cc0 .part C4<zzzzzzzzzzzzzzzzzzzzzzzzzzzzzzzz>, 13, 1;
L_0x1365390 .part/pv L_0x1364d60, 14, 1, 32;
L_0x1365480 .part/pv L_0x1365290, 14, 1, 32;
L_0x13650c0 .part C4<zzzzzzzzzzzzzzzzzzzzzzzzzzzzzzzz>, 14, 1;
L_0x1365160 .part C4<zzzzzzzzzzzzzzzzzzzzzzzzzzzzzzzz>, 14, 1;
L_0x1365860 .part/pv L_0x1365200, 15, 1, 32;
L_0x1363040 .part/pv L_0x1365760, 15, 1, 32;
L_0x13631f0 .part C4<zzzzzzzzzzzzzzzzzzzzzzzzzzzzzzzz>, 15, 1;
L_0x13633b0 .part C4<zzzzzzzzzzzzzzzzzzzzzzzzzzzzzzzz>, 15, 1;
L_0x1365570 .part/pv L_0x1363450, 16, 1, 32;
L_0x1365660 .part/pv L_0x1363560, 16, 1, 32;
L_0x1365d20 .part C4<zzzzzzzzzzzzzzzzzzzzzzzzzzzzzzzz>, 16, 1;
L_0x1365dc0 .part C4<zzzzzzzzzzzzzzzzzzzzzzzzzzzzzzzz>, 16, 1;
L_0x1366610 .part/pv L_0x1365e60, 17, 1, 32;
L_0x1366700 .part/pv L_0x1365ec0, 17, 1, 32;
L_0x1366340 .part C4<zzzzzzzzzzzzzzzzzzzzzzzzzzzzzzzz>, 17, 1;
L_0x13663e0 .part C4<zzzzzzzzzzzzzzzzzzzzzzzzzzzzzzzz>, 17, 1;
L_0x1366ae0 .part/pv L_0x1366480, 18, 1, 32;
L_0x1366bd0 .part/pv L_0x13664e0, 18, 1, 32;
L_0x13667f0 .part C4<zzzzzzzzzzzzzzzzzzzzzzzzzzzzzzzz>, 18, 1;
L_0x1366890 .part C4<zzzzzzzzzzzzzzzzzzzzzzzzzzzzzzzz>, 18, 1;
L_0x1366f80 .part/pv L_0x1366930, 19, 1, 32;
L_0x1367070 .part/pv L_0x1366990, 19, 1, 32;
L_0x1366cc0 .part C4<zzzzzzzzzzzzzzzzzzzzzzzzzzzzzzzz>, 19, 1;
L_0x1366d60 .part C4<zzzzzzzzzzzzzzzzzzzzzzzzzzzzzzzz>, 19, 1;
L_0x1367440 .part/pv L_0x1366e00, 20, 1, 32;
L_0x1367530 .part/pv L_0x1366e60, 20, 1, 32;
L_0x1367160 .part C4<zzzzzzzzzzzzzzzzzzzzzzzzzzzzzzzz>, 20, 1;
L_0x1367200 .part C4<zzzzzzzzzzzzzzzzzzzzzzzzzzzzzzzz>, 20, 1;
L_0x1367920 .part/pv L_0x13672a0, 21, 1, 32;
L_0x1367a10 .part/pv L_0x1367300, 21, 1, 32;
L_0x1367620 .part C4<zzzzzzzzzzzzzzzzzzzzzzzzzzzzzzzz>, 21, 1;
L_0x13676c0 .part C4<zzzzzzzzzzzzzzzzzzzzzzzzzzzzzzzz>, 21, 1;
L_0x1367dd0 .part/pv L_0x1367760, 22, 1, 32;
L_0x1367ec0 .part/pv L_0x13677c0, 22, 1, 32;
L_0x1367b00 .part C4<zzzzzzzzzzzzzzzzzzzzzzzzzzzzzzzz>, 22, 1;
L_0x1367ba0 .part C4<zzzzzzzzzzzzzzzzzzzzzzzzzzzzzzzz>, 22, 1;
L_0x13682a0 .part/pv L_0x1367c40, 23, 1, 32;
L_0x1368390 .part/pv L_0x1367ca0, 23, 1, 32;
L_0x1367fb0 .part C4<zzzzzzzzzzzzzzzzzzzzzzzzzzzzzzzz>, 23, 1;
L_0x1368050 .part C4<zzzzzzzzzzzzzzzzzzzzzzzzzzzzzzzz>, 23, 1;
L_0x1368790 .part/pv L_0x13680f0, 24, 1, 32;
L_0x1368830 .part/pv L_0x1368150, 24, 1, 32;
L_0x1368480 .part C4<zzzzzzzzzzzzzzzzzzzzzzzzzzzzzzzz>, 24, 1;
L_0x1368520 .part C4<zzzzzzzzzzzzzzzzzzzzzzzzzzzzzzzz>, 24, 1;
L_0x1368c50 .part/pv L_0x13685c0, 25, 1, 32;
L_0x1368cf0 .part/pv L_0x1368620, 25, 1, 32;
L_0x1368920 .part C4<zzzzzzzzzzzzzzzzzzzzzzzzzzzzzzzz>, 25, 1;
L_0x13689c0 .part C4<zzzzzzzzzzzzzzzzzzzzzzzzzzzzzzzz>, 25, 1;
L_0x1369130 .part/pv L_0x1368a60, 26, 1, 32;
L_0x13691d0 .part/pv L_0x1368ac0, 26, 1, 32;
L_0x1368de0 .part C4<zzzzzzzzzzzzzzzzzzzzzzzzzzzzzzzz>, 26, 1;
L_0x1368e80 .part C4<zzzzzzzzzzzzzzzzzzzzzzzzzzzzzzzz>, 26, 1;
L_0x1369080 .part/pv L_0x1368f20, 27, 1, 32;
L_0x1369680 .part/pv L_0x1368f80, 27, 1, 32;
L_0x13692c0 .part C4<zzzzzzzzzzzzzzzzzzzzzzzzzzzzzzzz>, 27, 1;
L_0x1369360 .part C4<zzzzzzzzzzzzzzzzzzzzzzzzzzzzzzzz>, 27, 1;
L_0x1369560 .part/pv L_0x1369400, 28, 1, 32;
L_0x1369b50 .part/pv L_0x1369460, 28, 1, 32;
L_0x1369770 .part C4<zzzzzzzzzzzzzzzzzzzzzzzzzzzzzzzz>, 28, 1;
L_0x1369810 .part C4<zzzzzzzzzzzzzzzzzzzzzzzzzzzzzzzz>, 28, 1;
L_0x1369a10 .part/pv L_0x13698b0, 29, 1, 32;
L_0x1369ff0 .part/pv L_0x1369910, 29, 1, 32;
L_0x1369c40 .part C4<zzzzzzzzzzzzzzzzzzzzzzzzzzzzzzzz>, 29, 1;
L_0x1369ce0 .part C4<zzzzzzzzzzzzzzzzzzzzzzzzzzzzzzzz>, 29, 1;
L_0x1369ee0 .part/pv L_0x1369d80, 30, 1, 32;
L_0x136a4b0 .part/pv L_0x1369de0, 30, 1, 32;
L_0x136a0e0 .part C4<zzzzzzzzzzzzzzzzzzzzzzzzzzzzzzzz>, 30, 1;
L_0x136a180 .part C4<zzzzzzzzzzzzzzzzzzzzzzzzzzzzzzzz>, 30, 1;
L_0x136a380 .part/pv L_0x136a220, 31, 1, 32;
L_0x1361c30 .part/pv L_0x136a280, 31, 1, 32;
L_0x136a5a0 .part C4<zzzzzzzzzzzzzzzzzzzzzzzzzzzzzzzz>, 31, 1;
L_0x1365f20 .part C4<zzzzzzzzzzzzzzzzzzzzzzzzzzzzzzzz>, 31, 1;
S_0x135f9a0 .scope generate, "genblk1" "genblk1" 2 55, 2 55, S_0x133fcc0;
 .timescale 0 0;
P_0x135fa98 .param/l "i" 2 55, +C4<00>;
S_0x135fb50 .scope module, "gp1" "generatePropagate" 2 57, 2 39, S_0x135f9a0;
 .timescale 0 0;
L_0x13607e0 .functor AND 1, L_0x1360bd0, L_0x1360c70, C4<1>, C4<1>;
L_0x13608c0 .functor OR 1, L_0x1360bd0, L_0x1360c70, C4<0>, C4<0>;
v0x135fc40_0 .net "g", 0 0, L_0x13607e0; 1 drivers
v0x135fce0_0 .net "p", 0 0, L_0x13608c0; 1 drivers
v0x135fd80_0 .net "x", 0 0, L_0x1360bd0; 1 drivers
v0x135fe20_0 .net "y", 0 0, L_0x1360c70; 1 drivers
S_0x135f470 .scope generate, "genblk01" "genblk01" 2 55, 2 55, S_0x133fcc0;
 .timescale 0 0;
P_0x135f568 .param/l "i" 2 55, +C4<01>;
S_0x135f620 .scope module, "gp1" "generatePropagate" 2 57, 2 39, S_0x135f470;
 .timescale 0 0;
L_0x1360d40 .functor AND 1, L_0x13611e0, L_0x13612d0, C4<1>, C4<1>;
L_0x1360e30 .functor OR 1, L_0x13611e0, L_0x13612d0, C4<0>, C4<0>;
v0x135f710_0 .net "g", 0 0, L_0x1360d40; 1 drivers
v0x135f7b0_0 .net "p", 0 0, L_0x1360e30; 1 drivers
v0x135f850_0 .net "x", 0 0, L_0x13611e0; 1 drivers
v0x135f8f0_0 .net "y", 0 0, L_0x13612d0; 1 drivers
S_0x135ef40 .scope generate, "genblk001" "genblk001" 2 55, 2 55, S_0x133fcc0;
 .timescale 0 0;
P_0x135f038 .param/l "i" 2 55, +C4<010>;
S_0x135f0f0 .scope module, "gp1" "generatePropagate" 2 57, 2 39, S_0x135ef40;
 .timescale 0 0;
L_0x1361410 .functor AND 1, L_0x13617b0, L_0x1361850, C4<1>, C4<1>;
L_0x1361470 .functor OR 1, L_0x13617b0, L_0x1361850, C4<0>, C4<0>;
v0x135f1e0_0 .net "g", 0 0, L_0x1361410; 1 drivers
v0x135f280_0 .net "p", 0 0, L_0x1361470; 1 drivers
v0x135f320_0 .net "x", 0 0, L_0x13617b0; 1 drivers
v0x135f3c0_0 .net "y", 0 0, L_0x1361850; 1 drivers
S_0x135ea10 .scope generate, "genblk0001" "genblk0001" 2 55, 2 55, S_0x133fcc0;
 .timescale 0 0;
P_0x135eb08 .param/l "i" 2 55, +C4<011>;
S_0x135ebc0 .scope module, "gp1" "generatePropagate" 2 57, 2 39, S_0x135ea10;
 .timescale 0 0;
L_0x1361750 .functor AND 1, L_0x1361cf0, L_0x1361e20, C4<1>, C4<1>;
L_0x1361960 .functor OR 1, L_0x1361cf0, L_0x1361e20, C4<0>, C4<0>;
v0x135ecb0_0 .net "g", 0 0, L_0x1361750; 1 drivers
v0x135ed50_0 .net "p", 0 0, L_0x1361960; 1 drivers
v0x135edf0_0 .net "x", 0 0, L_0x1361cf0; 1 drivers
v0x135ee90_0 .net "y", 0 0, L_0x1361e20; 1 drivers
S_0x135e4e0 .scope generate, "genblk00001" "genblk00001" 2 55, 2 55, S_0x133fcc0;
 .timescale 0 0;
P_0x135e5d8 .param/l "i" 2 55, +C4<0100>;
S_0x135e690 .scope module, "gp1" "generatePropagate" 2 57, 2 39, S_0x135e4e0;
 .timescale 0 0;
L_0x1361fe0 .functor AND 1, L_0x1362320, L_0x13623c0, C4<1>, C4<1>;
L_0x1362040 .functor OR 1, L_0x1362320, L_0x13623c0, C4<0>, C4<0>;
v0x135e780_0 .net "g", 0 0, L_0x1361fe0; 1 drivers
v0x135e820_0 .net "p", 0 0, L_0x1362040; 1 drivers
v0x135e8c0_0 .net "x", 0 0, L_0x1362320; 1 drivers
v0x135e960_0 .net "y", 0 0, L_0x13623c0; 1 drivers
S_0x135dfb0 .scope generate, "genblk000001" "genblk000001" 2 55, 2 55, S_0x133fcc0;
 .timescale 0 0;
P_0x135e0a8 .param/l "i" 2 55, +C4<0101>;
S_0x135e160 .scope module, "gp1" "generatePropagate" 2 57, 2 39, S_0x135dfb0;
 .timescale 0 0;
L_0x1361f50 .functor AND 1, L_0x1362460, L_0x1362850, C4<1>, C4<1>;
L_0x1362280 .functor OR 1, L_0x1362460, L_0x1362850, C4<0>, C4<0>;
v0x135e250_0 .net "g", 0 0, L_0x1361f50; 1 drivers
v0x135e2f0_0 .net "p", 0 0, L_0x1362280; 1 drivers
v0x135e390_0 .net "x", 0 0, L_0x1362460; 1 drivers
v0x135e430_0 .net "y", 0 0, L_0x1362850; 1 drivers
S_0x135da80 .scope generate, "genblk0000001" "genblk0000001" 2 55, 2 55, S_0x133fcc0;
 .timescale 0 0;
P_0x135db78 .param/l "i" 2 55, +C4<0110>;
S_0x135dc30 .scope module, "gp1" "generatePropagate" 2 57, 2 39, S_0x135da80;
 .timescale 0 0;
L_0x1362790 .functor AND 1, L_0x13628f0, L_0x1362d20, C4<1>, C4<1>;
L_0x13627f0 .functor OR 1, L_0x13628f0, L_0x1362d20, C4<0>, C4<0>;
v0x135dd20_0 .net "g", 0 0, L_0x1362790; 1 drivers
v0x135ddc0_0 .net "p", 0 0, L_0x13627f0; 1 drivers
v0x135de60_0 .net "x", 0 0, L_0x13628f0; 1 drivers
v0x135df00_0 .net "y", 0 0, L_0x1362d20; 1 drivers
S_0x135d550 .scope generate, "genblk00000001" "genblk00000001" 2 55, 2 55, S_0x133fcc0;
 .timescale 0 0;
P_0x135d648 .param/l "i" 2 55, +C4<0111>;
S_0x135d700 .scope module, "gp1" "generatePropagate" 2 57, 2 39, S_0x135d550;
 .timescale 0 0;
L_0x1362c40 .functor AND 1, L_0x1362dc0, L_0x13634c0, C4<1>, C4<1>;
L_0x1362ca0 .functor OR 1, L_0x1362dc0, L_0x13634c0, C4<0>, C4<0>;
v0x135d7f0_0 .net "g", 0 0, L_0x1362c40; 1 drivers
v0x135d890_0 .net "p", 0 0, L_0x1362ca0; 1 drivers
v0x135d930_0 .net "x", 0 0, L_0x1362dc0; 1 drivers
v0x135d9d0_0 .net "y", 0 0, L_0x13634c0; 1 drivers
S_0x135d020 .scope generate, "genblk000000001" "genblk000000001" 2 55, 2 55, S_0x133fcc0;
 .timescale 0 0;
P_0x135d118 .param/l "i" 2 55, +C4<01000>;
S_0x135d1d0 .scope module, "gp1" "generatePropagate" 2 57, 2 39, S_0x135d020;
 .timescale 0 0;
L_0x1361d90 .functor AND 1, L_0x1363670, L_0x13639e0, C4<1>, C4<1>;
L_0x1361ec0 .functor OR 1, L_0x1363670, L_0x13639e0, C4<0>, C4<0>;
v0x135d2c0_0 .net "g", 0 0, L_0x1361d90; 1 drivers
v0x135d360_0 .net "p", 0 0, L_0x1361ec0; 1 drivers
v0x135d400_0 .net "x", 0 0, L_0x1363670; 1 drivers
v0x135d4a0_0 .net "y", 0 0, L_0x13639e0; 1 drivers
S_0x135caf0 .scope generate, "genblk0000000001" "genblk0000000001" 2 55, 2 55, S_0x133fcc0;
 .timescale 0 0;
P_0x135cbe8 .param/l "i" 2 55, +C4<01001>;
S_0x135cca0 .scope module, "gp1" "generatePropagate" 2 57, 2 39, S_0x135caf0;
 .timescale 0 0;
L_0x1363710 .functor AND 1, L_0x1363a80, L_0x1363ed0, C4<1>, C4<1>;
L_0x13638c0 .functor OR 1, L_0x1363a80, L_0x1363ed0, C4<0>, C4<0>;
v0x135cd90_0 .net "g", 0 0, L_0x1363710; 1 drivers
v0x135ce30_0 .net "p", 0 0, L_0x13638c0; 1 drivers
v0x135ced0_0 .net "x", 0 0, L_0x1363a80; 1 drivers
v0x135cf70_0 .net "y", 0 0, L_0x1363ed0; 1 drivers
S_0x135c5c0 .scope generate, "genblk00000000001" "genblk00000000001" 2 55, 2 55, S_0x133fcc0;
 .timescale 0 0;
P_0x135c6b8 .param/l "i" 2 55, +C4<01010>;
S_0x135c770 .scope module, "gp1" "generatePropagate" 2 57, 2 39, S_0x135c5c0;
 .timescale 0 0;
L_0x1363b20 .functor AND 1, L_0x1363f70, L_0x1364010, C4<1>, C4<1>;
L_0x1363d90 .functor OR 1, L_0x1363f70, L_0x1364010, C4<0>, C4<0>;
v0x135c860_0 .net "g", 0 0, L_0x1363b20; 1 drivers
v0x135c900_0 .net "p", 0 0, L_0x1363d90; 1 drivers
v0x135c9a0_0 .net "x", 0 0, L_0x1363f70; 1 drivers
v0x135ca40_0 .net "y", 0 0, L_0x1364010; 1 drivers
S_0x135c090 .scope generate, "genblk000000000001" "genblk000000000001" 2 55, 2 55, S_0x133fcc0;
 .timescale 0 0;
P_0x135c188 .param/l "i" 2 55, +C4<01011>;
S_0x135c240 .scope module, "gp1" "generatePropagate" 2 57, 2 39, S_0x135c090;
 .timescale 0 0;
L_0x1364410 .functor AND 1, L_0x13642a0, L_0x1364340, C4<1>, C4<1>;
L_0x1364470 .functor OR 1, L_0x13642a0, L_0x1364340, C4<0>, C4<0>;
v0x135c330_0 .net "g", 0 0, L_0x1364410; 1 drivers
v0x135c3d0_0 .net "p", 0 0, L_0x1364470; 1 drivers
v0x135c470_0 .net "x", 0 0, L_0x13642a0; 1 drivers
v0x135c510_0 .net "y", 0 0, L_0x1364340; 1 drivers
S_0x135bb60 .scope generate, "genblk0000000000001" "genblk0000000000001" 2 55, 2 55, S_0x133fcc0;
 .timescale 0 0;
P_0x135bc58 .param/l "i" 2 55, +C4<01100>;
S_0x135bd10 .scope module, "gp1" "generatePropagate" 2 57, 2 39, S_0x135bb60;
 .timescale 0 0;
L_0x13648e0 .functor AND 1, L_0x1364750, L_0x13647f0, C4<1>, C4<1>;
L_0x1364940 .functor OR 1, L_0x1364750, L_0x13647f0, C4<0>, C4<0>;
v0x135be00_0 .net "g", 0 0, L_0x13648e0; 1 drivers
v0x135bea0_0 .net "p", 0 0, L_0x1364940; 1 drivers
v0x135bf40_0 .net "x", 0 0, L_0x1364750; 1 drivers
v0x135bfe0_0 .net "y", 0 0, L_0x13647f0; 1 drivers
S_0x135b630 .scope generate, "genblk00000000000001" "genblk00000000000001" 2 55, 2 55, S_0x133fcc0;
 .timescale 0 0;
P_0x135b728 .param/l "i" 2 55, +C4<01101>;
S_0x135b7e0 .scope module, "gp1" "generatePropagate" 2 57, 2 39, S_0x135b630;
 .timescale 0 0;
L_0x1364dd0 .functor AND 1, L_0x1364c20, L_0x1364cc0, C4<1>, C4<1>;
L_0x1364e30 .functor OR 1, L_0x1364c20, L_0x1364cc0, C4<0>, C4<0>;
v0x135b8d0_0 .net "g", 0 0, L_0x1364dd0; 1 drivers
v0x135b970_0 .net "p", 0 0, L_0x1364e30; 1 drivers
v0x135ba10_0 .net "x", 0 0, L_0x1364c20; 1 drivers
v0x135bab0_0 .net "y", 0 0, L_0x1364cc0; 1 drivers
S_0x135b100 .scope generate, "genblk000000000000001" "genblk000000000000001" 2 55, 2 55, S_0x133fcc0;
 .timescale 0 0;
P_0x135b1f8 .param/l "i" 2 55, +C4<01110>;
S_0x135b2b0 .scope module, "gp1" "generatePropagate" 2 57, 2 39, S_0x135b100;
 .timescale 0 0;
L_0x1364d60 .functor AND 1, L_0x13650c0, L_0x1365160, C4<1>, C4<1>;
L_0x1365290 .functor OR 1, L_0x13650c0, L_0x1365160, C4<0>, C4<0>;
v0x135b3a0_0 .net "g", 0 0, L_0x1364d60; 1 drivers
v0x135b440_0 .net "p", 0 0, L_0x1365290; 1 drivers
v0x135b4e0_0 .net "x", 0 0, L_0x13650c0; 1 drivers
v0x135b580_0 .net "y", 0 0, L_0x1365160; 1 drivers
S_0x135abd0 .scope generate, "genblk0000000000000001" "genblk0000000000000001" 2 55, 2 55, S_0x133fcc0;
 .timescale 0 0;
P_0x135acc8 .param/l "i" 2 55, +C4<01111>;
S_0x135ad80 .scope module, "gp1" "generatePropagate" 2 57, 2 39, S_0x135abd0;
 .timescale 0 0;
L_0x1365200 .functor AND 1, L_0x13631f0, L_0x13633b0, C4<1>, C4<1>;
L_0x1365760 .functor OR 1, L_0x13631f0, L_0x13633b0, C4<0>, C4<0>;
v0x135ae70_0 .net "g", 0 0, L_0x1365200; 1 drivers
v0x135af10_0 .net "p", 0 0, L_0x1365760; 1 drivers
v0x135afb0_0 .net "x", 0 0, L_0x13631f0; 1 drivers
v0x135b050_0 .net "y", 0 0, L_0x13633b0; 1 drivers
S_0x135a6a0 .scope generate, "genblk00000000000000001" "genblk00000000000000001" 2 55, 2 55, S_0x133fcc0;
 .timescale 0 0;
P_0x135a798 .param/l "i" 2 55, +C4<010000>;
S_0x135a850 .scope module, "gp1" "generatePropagate" 2 57, 2 39, S_0x135a6a0;
 .timescale 0 0;
L_0x1363450 .functor AND 1, L_0x1365d20, L_0x1365dc0, C4<1>, C4<1>;
L_0x1363560 .functor OR 1, L_0x1365d20, L_0x1365dc0, C4<0>, C4<0>;
v0x135a940_0 .net "g", 0 0, L_0x1363450; 1 drivers
v0x135a9e0_0 .net "p", 0 0, L_0x1363560; 1 drivers
v0x135aa80_0 .net "x", 0 0, L_0x1365d20; 1 drivers
v0x135ab20_0 .net "y", 0 0, L_0x1365dc0; 1 drivers
S_0x135a170 .scope generate, "genblk000000000000000001" "genblk000000000000000001" 2 55, 2 55, S_0x133fcc0;
 .timescale 0 0;
P_0x135a268 .param/l "i" 2 55, +C4<010001>;
S_0x135a320 .scope module, "gp1" "generatePropagate" 2 57, 2 39, S_0x135a170;
 .timescale 0 0;
L_0x1365e60 .functor AND 1, L_0x1366340, L_0x13663e0, C4<1>, C4<1>;
L_0x1365ec0 .functor OR 1, L_0x1366340, L_0x13663e0, C4<0>, C4<0>;
v0x135a410_0 .net "g", 0 0, L_0x1365e60; 1 drivers
v0x135a4b0_0 .net "p", 0 0, L_0x1365ec0; 1 drivers
v0x135a550_0 .net "x", 0 0, L_0x1366340; 1 drivers
v0x135a5f0_0 .net "y", 0 0, L_0x13663e0; 1 drivers
S_0x1359c40 .scope generate, "genblk0000000000000000001" "genblk0000000000000000001" 2 55, 2 55, S_0x133fcc0;
 .timescale 0 0;
P_0x1359d38 .param/l "i" 2 55, +C4<010010>;
S_0x1359df0 .scope module, "gp1" "generatePropagate" 2 57, 2 39, S_0x1359c40;
 .timescale 0 0;
L_0x1366480 .functor AND 1, L_0x13667f0, L_0x1366890, C4<1>, C4<1>;
L_0x13664e0 .functor OR 1, L_0x13667f0, L_0x1366890, C4<0>, C4<0>;
v0x1359ee0_0 .net "g", 0 0, L_0x1366480; 1 drivers
v0x1359f80_0 .net "p", 0 0, L_0x13664e0; 1 drivers
v0x135a020_0 .net "x", 0 0, L_0x13667f0; 1 drivers
v0x135a0c0_0 .net "y", 0 0, L_0x1366890; 1 drivers
S_0x1359710 .scope generate, "genblk00000000000000000001" "genblk00000000000000000001" 2 55, 2 55, S_0x133fcc0;
 .timescale 0 0;
P_0x1359808 .param/l "i" 2 55, +C4<010011>;
S_0x13598c0 .scope module, "gp1" "generatePropagate" 2 57, 2 39, S_0x1359710;
 .timescale 0 0;
L_0x1366930 .functor AND 1, L_0x1366cc0, L_0x1366d60, C4<1>, C4<1>;
L_0x1366990 .functor OR 1, L_0x1366cc0, L_0x1366d60, C4<0>, C4<0>;
v0x13599b0_0 .net "g", 0 0, L_0x1366930; 1 drivers
v0x1359a50_0 .net "p", 0 0, L_0x1366990; 1 drivers
v0x1359af0_0 .net "x", 0 0, L_0x1366cc0; 1 drivers
v0x1359b90_0 .net "y", 0 0, L_0x1366d60; 1 drivers
S_0x13591e0 .scope generate, "genblk000000000000000000001" "genblk000000000000000000001" 2 55, 2 55, S_0x133fcc0;
 .timescale 0 0;
P_0x13592d8 .param/l "i" 2 55, +C4<010100>;
S_0x1359390 .scope module, "gp1" "generatePropagate" 2 57, 2 39, S_0x13591e0;
 .timescale 0 0;
L_0x1366e00 .functor AND 1, L_0x1367160, L_0x1367200, C4<1>, C4<1>;
L_0x1366e60 .functor OR 1, L_0x1367160, L_0x1367200, C4<0>, C4<0>;
v0x1359480_0 .net "g", 0 0, L_0x1366e00; 1 drivers
v0x1359520_0 .net "p", 0 0, L_0x1366e60; 1 drivers
v0x13595c0_0 .net "x", 0 0, L_0x1367160; 1 drivers
v0x1359660_0 .net "y", 0 0, L_0x1367200; 1 drivers
S_0x1358cb0 .scope generate, "genblk0000000000000000000001" "genblk0000000000000000000001" 2 55, 2 55, S_0x133fcc0;
 .timescale 0 0;
P_0x1358da8 .param/l "i" 2 55, +C4<010101>;
S_0x1358e60 .scope module, "gp1" "generatePropagate" 2 57, 2 39, S_0x1358cb0;
 .timescale 0 0;
L_0x13672a0 .functor AND 1, L_0x1367620, L_0x13676c0, C4<1>, C4<1>;
L_0x1367300 .functor OR 1, L_0x1367620, L_0x13676c0, C4<0>, C4<0>;
v0x1358f50_0 .net "g", 0 0, L_0x13672a0; 1 drivers
v0x1358ff0_0 .net "p", 0 0, L_0x1367300; 1 drivers
v0x1359090_0 .net "x", 0 0, L_0x1367620; 1 drivers
v0x1359130_0 .net "y", 0 0, L_0x13676c0; 1 drivers
S_0x1358780 .scope generate, "genblk00000000000000000000001" "genblk00000000000000000000001" 2 55, 2 55, S_0x133fcc0;
 .timescale 0 0;
P_0x1358878 .param/l "i" 2 55, +C4<010110>;
S_0x1358930 .scope module, "gp1" "generatePropagate" 2 57, 2 39, S_0x1358780;
 .timescale 0 0;
L_0x1367760 .functor AND 1, L_0x1367b00, L_0x1367ba0, C4<1>, C4<1>;
L_0x13677c0 .functor OR 1, L_0x1367b00, L_0x1367ba0, C4<0>, C4<0>;
v0x1358a20_0 .net "g", 0 0, L_0x1367760; 1 drivers
v0x1358ac0_0 .net "p", 0 0, L_0x13677c0; 1 drivers
v0x1358b60_0 .net "x", 0 0, L_0x1367b00; 1 drivers
v0x1358c00_0 .net "y", 0 0, L_0x1367ba0; 1 drivers
S_0x1358250 .scope generate, "genblk000000000000000000000001" "genblk000000000000000000000001" 2 55, 2 55, S_0x133fcc0;
 .timescale 0 0;
P_0x1358348 .param/l "i" 2 55, +C4<010111>;
S_0x1358400 .scope module, "gp1" "generatePropagate" 2 57, 2 39, S_0x1358250;
 .timescale 0 0;
L_0x1367c40 .functor AND 1, L_0x1367fb0, L_0x1368050, C4<1>, C4<1>;
L_0x1367ca0 .functor OR 1, L_0x1367fb0, L_0x1368050, C4<0>, C4<0>;
v0x13584f0_0 .net "g", 0 0, L_0x1367c40; 1 drivers
v0x1358590_0 .net "p", 0 0, L_0x1367ca0; 1 drivers
v0x1358630_0 .net "x", 0 0, L_0x1367fb0; 1 drivers
v0x13586d0_0 .net "y", 0 0, L_0x1368050; 1 drivers
S_0x1357d20 .scope generate, "genblk0000000000000000000000001" "genblk0000000000000000000000001" 2 55, 2 55, S_0x133fcc0;
 .timescale 0 0;
P_0x1357e18 .param/l "i" 2 55, +C4<011000>;
S_0x1357ed0 .scope module, "gp1" "generatePropagate" 2 57, 2 39, S_0x1357d20;
 .timescale 0 0;
L_0x13680f0 .functor AND 1, L_0x1368480, L_0x1368520, C4<1>, C4<1>;
L_0x1368150 .functor OR 1, L_0x1368480, L_0x1368520, C4<0>, C4<0>;
v0x1357fc0_0 .net "g", 0 0, L_0x13680f0; 1 drivers
v0x1358060_0 .net "p", 0 0, L_0x1368150; 1 drivers
v0x1358100_0 .net "x", 0 0, L_0x1368480; 1 drivers
v0x13581a0_0 .net "y", 0 0, L_0x1368520; 1 drivers
S_0x13577f0 .scope generate, "$gen1[25]" "$gen1[25]" 2 55, 2 55, S_0x133fcc0;
 .timescale 0 0;
P_0x13578e8 .param/l "i" 2 55, +C4<011001>;
S_0x13579a0 .scope module, "gp1" "generatePropagate" 2 57, 2 39, S_0x13577f0;
 .timescale 0 0;
L_0x13685c0 .functor AND 1, L_0x1368920, L_0x13689c0, C4<1>, C4<1>;
L_0x1368620 .functor OR 1, L_0x1368920, L_0x13689c0, C4<0>, C4<0>;
v0x1357a90_0 .net "g", 0 0, L_0x13685c0; 1 drivers
v0x1357b30_0 .net "p", 0 0, L_0x1368620; 1 drivers
v0x1357bd0_0 .net "x", 0 0, L_0x1368920; 1 drivers
v0x1357c70_0 .net "y", 0 0, L_0x13689c0; 1 drivers
S_0x13572c0 .scope generate, "$gen1[26]" "$gen1[26]" 2 55, 2 55, S_0x133fcc0;
 .timescale 0 0;
P_0x13573b8 .param/l "i" 2 55, +C4<011010>;
S_0x1357470 .scope module, "gp1" "generatePropagate" 2 57, 2 39, S_0x13572c0;
 .timescale 0 0;
L_0x1368a60 .functor AND 1, L_0x1368de0, L_0x1368e80, C4<1>, C4<1>;
L_0x1368ac0 .functor OR 1, L_0x1368de0, L_0x1368e80, C4<0>, C4<0>;
v0x1357560_0 .net "g", 0 0, L_0x1368a60; 1 drivers
v0x1357600_0 .net "p", 0 0, L_0x1368ac0; 1 drivers
v0x13576a0_0 .net "x", 0 0, L_0x1368de0; 1 drivers
v0x1357740_0 .net "y", 0 0, L_0x1368e80; 1 drivers
S_0x1356d90 .scope generate, "$gen1[27]" "$gen1[27]" 2 55, 2 55, S_0x133fcc0;
 .timescale 0 0;
P_0x1356e88 .param/l "i" 2 55, +C4<011011>;
S_0x1356f40 .scope module, "gp1" "generatePropagate" 2 57, 2 39, S_0x1356d90;
 .timescale 0 0;
L_0x1368f20 .functor AND 1, L_0x13692c0, L_0x1369360, C4<1>, C4<1>;
L_0x1368f80 .functor OR 1, L_0x13692c0, L_0x1369360, C4<0>, C4<0>;
v0x1357030_0 .net "g", 0 0, L_0x1368f20; 1 drivers
v0x13570d0_0 .net "p", 0 0, L_0x1368f80; 1 drivers
v0x1357170_0 .net "x", 0 0, L_0x13692c0; 1 drivers
v0x1357210_0 .net "y", 0 0, L_0x1369360; 1 drivers
S_0x1356860 .scope generate, "$gen1[28]" "$gen1[28]" 2 55, 2 55, S_0x133fcc0;
 .timescale 0 0;
P_0x1356958 .param/l "i" 2 55, +C4<011100>;
S_0x1356a10 .scope module, "gp1" "generatePropagate" 2 57, 2 39, S_0x1356860;
 .timescale 0 0;
L_0x1369400 .functor AND 1, L_0x1369770, L_0x1369810, C4<1>, C4<1>;
L_0x1369460 .functor OR 1, L_0x1369770, L_0x1369810, C4<0>, C4<0>;
v0x1356b00_0 .net "g", 0 0, L_0x1369400; 1 drivers
v0x1356ba0_0 .net "p", 0 0, L_0x1369460; 1 drivers
v0x1356c40_0 .net "x", 0 0, L_0x1369770; 1 drivers
v0x1356ce0_0 .net "y", 0 0, L_0x1369810; 1 drivers
S_0x1356330 .scope generate, "$gen1[29]" "$gen1[29]" 2 55, 2 55, S_0x133fcc0;
 .timescale 0 0;
P_0x1356428 .param/l "i" 2 55, +C4<011101>;
S_0x13564e0 .scope module, "gp1" "generatePropagate" 2 57, 2 39, S_0x1356330;
 .timescale 0 0;
L_0x13698b0 .functor AND 1, L_0x1369c40, L_0x1369ce0, C4<1>, C4<1>;
L_0x1369910 .functor OR 1, L_0x1369c40, L_0x1369ce0, C4<0>, C4<0>;
v0x13565d0_0 .net "g", 0 0, L_0x13698b0; 1 drivers
v0x1356670_0 .net "p", 0 0, L_0x1369910; 1 drivers
v0x1356710_0 .net "x", 0 0, L_0x1369c40; 1 drivers
v0x13567b0_0 .net "y", 0 0, L_0x1369ce0; 1 drivers
S_0x1355e00 .scope generate, "$gen1[30]" "$gen1[30]" 2 55, 2 55, S_0x133fcc0;
 .timescale 0 0;
P_0x1355ef8 .param/l "i" 2 55, +C4<011110>;
S_0x1355fb0 .scope module, "gp1" "generatePropagate" 2 57, 2 39, S_0x1355e00;
 .timescale 0 0;
L_0x1369d80 .functor AND 1, L_0x136a0e0, L_0x136a180, C4<1>, C4<1>;
L_0x1369de0 .functor OR 1, L_0x136a0e0, L_0x136a180, C4<0>, C4<0>;
v0x13560a0_0 .net "g", 0 0, L_0x1369d80; 1 drivers
v0x1356140_0 .net "p", 0 0, L_0x1369de0; 1 drivers
v0x13561e0_0 .net "x", 0 0, L_0x136a0e0; 1 drivers
v0x1356280_0 .net "y", 0 0, L_0x136a180; 1 drivers
S_0x13258f0 .scope generate, "$gen1[31]" "$gen1[31]" 2 55, 2 55, S_0x133fcc0;
 .timescale 0 0;
P_0x13318e8 .param/l "i" 2 55, +C4<011111>;
S_0x1326020 .scope module, "gp1" "generatePropagate" 2 57, 2 39, S_0x13258f0;
 .timescale 0 0;
L_0x136a220 .functor AND 1, L_0x136a5a0, L_0x1365f20, C4<1>, C4<1>;
L_0x136a280 .functor OR 1, L_0x136a5a0, L_0x1365f20, C4<0>, C4<0>;
v0x1329b20_0 .net "g", 0 0, L_0x136a220; 1 drivers
v0x1355c10_0 .net "p", 0 0, L_0x136a280; 1 drivers
v0x1355cb0_0 .net "x", 0 0, L_0x136a5a0; 1 drivers
v0x1355d50_0 .net "y", 0 0, L_0x1365f20; 1 drivers
S_0x132f3d0 .scope module, "OneBitFullAdder" "OneBitFullAdder" 2 28;
 .timescale 0 0;
L_0x1360860 .functor XOR 1, C4<z>, C4<z>, C4<z>, C4<0>;
L_0x1365fc0 .functor AND 1, C4<z>, C4<z>, C4<1>, C4<1>;
L_0x13660c0 .functor AND 1, C4<z>, C4<z>, C4<1>, C4<1>;
L_0x1366170 .functor AND 1, C4<z>, C4<z>, C4<1>, C4<1>;
L_0x13661d0 .functor OR 1, L_0x1365fc0, L_0x13660c0, L_0x1366170, C4<0>;
v0x1360220_0 .net "a", 0 0, C4<z>; 0 drivers
v0x13602e0_0 .net "b", 0 0, C4<z>; 0 drivers
v0x1360380_0 .net "cin", 0 0, C4<z>; 0 drivers
v0x1360420_0 .net "cout", 0 0, L_0x13661d0; 1 drivers
v0x13604d0_0 .net "s", 0 0, L_0x1360860; 1 drivers
v0x1360570_0 .net "temp1", 0 0, L_0x1365fc0; 1 drivers
v0x1360650_0 .net "temp2", 0 0, L_0x13660c0; 1 drivers
v0x13606f0_0 .net "temp3", 0 0, L_0x1366170; 1 drivers
# The file index is used to find the file name in the following table.
:file_names 3;
    "N/A";
    "<interactive>";
    "adder.v";
